
*** Running vivado
    with args -log adder_tb.vds -m64 -product Vivado -mode batch -messageDb vivado.pb -notrace -source adder_tb.tcl


ECHO is off.
ECHO is off.

****** Vivado v2023.2 (64-bit)
  **** SW Build 4029153 on Fri Oct 13 20:14:34 MDT 2023
  **** IP Build 4028589 on Sat Oct 14 00:45:43 MDT 2023
  **** SharedData Build 4025554 on Tue Oct 10 17:18:54 MDT 2023
    ** Copyright 1986-2022 Xilinx, Inc. All Rights Reserved.
    ** Copyright 2022-2023 Advanced Micro Devices, Inc. All Rights Reserved.

source adder_tb.tcl -notrace
create_project: Time (s): cpu = 00:00:10 ; elapsed = 00:00:10 . Memory (MB): peak = 473.430 ; gain = 177.445
Command: read_checkpoint -auto_incremental -incremental F:/processorDesign/riscv/sinnglecycle/sinnglecycle.srcs/utils_1/imports/synth_1/adder_tb.dcp
INFO: [Vivado 12-5825] Read reference checkpoint from F:/processorDesign/riscv/sinnglecycle/sinnglecycle.srcs/utils_1/imports/synth_1/adder_tb.dcp for incremental synthesis
INFO: [Vivado 12-7989] Please ensure there are no constraint changes
Command: synth_design -top adder_tb -part xczu3tcg-sfvd784-1-i
Starting synth_design
Attempting to get a license for feature 'Synthesis' and/or device 'xczu3tcg'
INFO: [Common 17-349] Got license for feature 'Synthesis' and/or device 'xczu3tcg'
INFO: [Designutils 20-5440] No compile time benefit to using incremental synthesis; A full resynthesis will be run
INFO: [Designutils 20-4379] Flow is switching to default flow due to incremental criteria not met. If you would like to alter this behaviour and have the flow terminate instead, please set the following parameter config_implementation {autoIncr.Synth.RejectBehavior Terminate}
INFO: [Synth 8-7079] Multithreading enabled for synth_design using a maximum of 2 processes.
INFO: [Synth 8-7078] Launching helper process for spawning children vivado processes
INFO: [Synth 8-7075] Helper process launched with PID 29380
---------------------------------------------------------------------------------
Starting Synthesize : Time (s): cpu = 00:00:08 ; elapsed = 00:00:09 . Memory (MB): peak = 926.746 ; gain = 439.223
---------------------------------------------------------------------------------
WARNING: [Synth 8-11067] parameter 'WIDTH' declared inside package 'pkg' shall be treated as localparam [F:/processorDesign/riscv/sinnglecycle/sinnglecycle.srcs/sources_1/new/pkg.sv:24]
WARNING: [Synth 8-11067] parameter 'OPCODE' declared inside package 'pkg' shall be treated as localparam [F:/processorDesign/riscv/sinnglecycle/sinnglecycle.srcs/sources_1/new/pkg.sv:25]
INFO: [Synth 8-6157] synthesizing module 'adder_tb' [F:/processorDesign/riscv/sinnglecycle/sinnglecycle.srcs/sources_1/new/adder_tb.sv:23]
WARNING: [Synth 8-6896] if statement with non-constant condition is inside initial block, initial block items will be ignored [F:/processorDesign/riscv/sinnglecycle/sinnglecycle.srcs/sources_1/new/adder_tb.sv:53]
WARNING: [Synth 8-6896] if statement with non-constant condition is inside initial block, initial block items will be ignored [F:/processorDesign/riscv/sinnglecycle/sinnglecycle.srcs/sources_1/new/adder_tb.sv:53]
WARNING: [Synth 8-6896] if statement with non-constant condition is inside initial block, initial block items will be ignored [F:/processorDesign/riscv/sinnglecycle/sinnglecycle.srcs/sources_1/new/adder_tb.sv:53]
WARNING: [Synth 8-6896] if statement with non-constant condition is inside initial block, initial block items will be ignored [F:/processorDesign/riscv/sinnglecycle/sinnglecycle.srcs/sources_1/new/adder_tb.sv:53]
WARNING: [Synth 8-6896] if statement with non-constant condition is inside initial block, initial block items will be ignored [F:/processorDesign/riscv/sinnglecycle/sinnglecycle.srcs/sources_1/new/adder_tb.sv:53]
WARNING: [Synth 8-11581] system function call 'urandom' not supported [F:/processorDesign/riscv/sinnglecycle/sinnglecycle.srcs/sources_1/new/adder_tb.sv:70]
WARNING: [Synth 8-11581] system function call 'urandom' not supported [F:/processorDesign/riscv/sinnglecycle/sinnglecycle.srcs/sources_1/new/adder_tb.sv:70]
WARNING: [Synth 8-11581] system function call 'urandom_range' not supported [F:/processorDesign/riscv/sinnglecycle/sinnglecycle.srcs/sources_1/new/adder_tb.sv:70]
WARNING: [Synth 8-6896] if statement with non-constant condition is inside initial block, initial block items will be ignored [F:/processorDesign/riscv/sinnglecycle/sinnglecycle.srcs/sources_1/new/adder_tb.sv:53]
WARNING: [Synth 8-11581] system function call 'urandom' not supported [F:/processorDesign/riscv/sinnglecycle/sinnglecycle.srcs/sources_1/new/adder_tb.sv:70]
WARNING: [Synth 8-11581] system function call 'urandom' not supported [F:/processorDesign/riscv/sinnglecycle/sinnglecycle.srcs/sources_1/new/adder_tb.sv:70]
WARNING: [Synth 8-11581] system function call 'urandom_range' not supported [F:/processorDesign/riscv/sinnglecycle/sinnglecycle.srcs/sources_1/new/adder_tb.sv:70]
WARNING: [Synth 8-6896] if statement with non-constant condition is inside initial block, initial block items will be ignored [F:/processorDesign/riscv/sinnglecycle/sinnglecycle.srcs/sources_1/new/adder_tb.sv:53]
WARNING: [Synth 8-11581] system function call 'urandom' not supported [F:/processorDesign/riscv/sinnglecycle/sinnglecycle.srcs/sources_1/new/adder_tb.sv:70]
WARNING: [Synth 8-11581] system function call 'urandom' not supported [F:/processorDesign/riscv/sinnglecycle/sinnglecycle.srcs/sources_1/new/adder_tb.sv:70]
WARNING: [Synth 8-11581] system function call 'urandom_range' not supported [F:/processorDesign/riscv/sinnglecycle/sinnglecycle.srcs/sources_1/new/adder_tb.sv:70]
WARNING: [Synth 8-6896] if statement with non-constant condition is inside initial block, initial block items will be ignored [F:/processorDesign/riscv/sinnglecycle/sinnglecycle.srcs/sources_1/new/adder_tb.sv:53]
WARNING: [Synth 8-11581] system function call 'urandom' not supported [F:/processorDesign/riscv/sinnglecycle/sinnglecycle.srcs/sources_1/new/adder_tb.sv:70]
WARNING: [Synth 8-11581] system function call 'urandom' not supported [F:/processorDesign/riscv/sinnglecycle/sinnglecycle.srcs/sources_1/new/adder_tb.sv:70]
WARNING: [Synth 8-11581] system function call 'urandom_range' not supported [F:/processorDesign/riscv/sinnglecycle/sinnglecycle.srcs/sources_1/new/adder_tb.sv:70]
WARNING: [Synth 8-6896] if statement with non-constant condition is inside initial block, initial block items will be ignored [F:/processorDesign/riscv/sinnglecycle/sinnglecycle.srcs/sources_1/new/adder_tb.sv:53]
WARNING: [Synth 8-11581] system function call 'urandom' not supported [F:/processorDesign/riscv/sinnglecycle/sinnglecycle.srcs/sources_1/new/adder_tb.sv:70]
WARNING: [Synth 8-11581] system function call 'urandom' not supported [F:/processorDesign/riscv/sinnglecycle/sinnglecycle.srcs/sources_1/new/adder_tb.sv:70]
WARNING: [Synth 8-11581] system function call 'urandom_range' not supported [F:/processorDesign/riscv/sinnglecycle/sinnglecycle.srcs/sources_1/new/adder_tb.sv:70]
WARNING: [Synth 8-6896] if statement with non-constant condition is inside initial block, initial block items will be ignored [F:/processorDesign/riscv/sinnglecycle/sinnglecycle.srcs/sources_1/new/adder_tb.sv:53]
WARNING: [Synth 8-11581] system function call 'urandom' not supported [F:/processorDesign/riscv/sinnglecycle/sinnglecycle.srcs/sources_1/new/adder_tb.sv:70]
WARNING: [Synth 8-11581] system function call 'urandom' not supported [F:/processorDesign/riscv/sinnglecycle/sinnglecycle.srcs/sources_1/new/adder_tb.sv:70]
WARNING: [Synth 8-11581] system function call 'urandom_range' not supported [F:/processorDesign/riscv/sinnglecycle/sinnglecycle.srcs/sources_1/new/adder_tb.sv:70]
WARNING: [Synth 8-6896] if statement with non-constant condition is inside initial block, initial block items will be ignored [F:/processorDesign/riscv/sinnglecycle/sinnglecycle.srcs/sources_1/new/adder_tb.sv:53]
WARNING: [Synth 8-11581] system function call 'urandom' not supported [F:/processorDesign/riscv/sinnglecycle/sinnglecycle.srcs/sources_1/new/adder_tb.sv:70]
WARNING: [Synth 8-11581] system function call 'urandom' not supported [F:/processorDesign/riscv/sinnglecycle/sinnglecycle.srcs/sources_1/new/adder_tb.sv:70]
WARNING: [Synth 8-11581] system function call 'urandom_range' not supported [F:/processorDesign/riscv/sinnglecycle/sinnglecycle.srcs/sources_1/new/adder_tb.sv:70]
WARNING: [Synth 8-6896] if statement with non-constant condition is inside initial block, initial block items will be ignored [F:/processorDesign/riscv/sinnglecycle/sinnglecycle.srcs/sources_1/new/adder_tb.sv:53]
WARNING: [Synth 8-11581] system function call 'urandom' not supported [F:/processorDesign/riscv/sinnglecycle/sinnglecycle.srcs/sources_1/new/adder_tb.sv:70]
WARNING: [Synth 8-11581] system function call 'urandom' not supported [F:/processorDesign/riscv/sinnglecycle/sinnglecycle.srcs/sources_1/new/adder_tb.sv:70]
WARNING: [Synth 8-11581] system function call 'urandom_range' not supported [F:/processorDesign/riscv/sinnglecycle/sinnglecycle.srcs/sources_1/new/adder_tb.sv:70]
WARNING: [Synth 8-6896] if statement with non-constant condition is inside initial block, initial block items will be ignored [F:/processorDesign/riscv/sinnglecycle/sinnglecycle.srcs/sources_1/new/adder_tb.sv:53]
WARNING: [Synth 8-11581] system function call 'urandom' not supported [F:/processorDesign/riscv/sinnglecycle/sinnglecycle.srcs/sources_1/new/adder_tb.sv:70]
WARNING: [Synth 8-11581] system function call 'urandom' not supported [F:/processorDesign/riscv/sinnglecycle/sinnglecycle.srcs/sources_1/new/adder_tb.sv:70]
WARNING: [Synth 8-11581] system function call 'urandom_range' not supported [F:/processorDesign/riscv/sinnglecycle/sinnglecycle.srcs/sources_1/new/adder_tb.sv:70]
WARNING: [Synth 8-6896] if statement with non-constant condition is inside initial block, initial block items will be ignored [F:/processorDesign/riscv/sinnglecycle/sinnglecycle.srcs/sources_1/new/adder_tb.sv:53]
WARNING: [Synth 8-11581] system function call 'urandom' not supported [F:/processorDesign/riscv/sinnglecycle/sinnglecycle.srcs/sources_1/new/adder_tb.sv:70]
WARNING: [Synth 8-11581] system function call 'urandom' not supported [F:/processorDesign/riscv/sinnglecycle/sinnglecycle.srcs/sources_1/new/adder_tb.sv:70]
WARNING: [Synth 8-11581] system function call 'urandom_range' not supported [F:/processorDesign/riscv/sinnglecycle/sinnglecycle.srcs/sources_1/new/adder_tb.sv:70]
WARNING: [Synth 8-6896] if statement with non-constant condition is inside initial block, initial block items will be ignored [F:/processorDesign/riscv/sinnglecycle/sinnglecycle.srcs/sources_1/new/adder_tb.sv:53]
WARNING: [Synth 8-11581] system function call 'urandom' not supported [F:/processorDesign/riscv/sinnglecycle/sinnglecycle.srcs/sources_1/new/adder_tb.sv:70]
WARNING: [Synth 8-11581] system function call 'urandom' not supported [F:/processorDesign/riscv/sinnglecycle/sinnglecycle.srcs/sources_1/new/adder_tb.sv:70]
WARNING: [Synth 8-11581] system function call 'urandom_range' not supported [F:/processorDesign/riscv/sinnglecycle/sinnglecycle.srcs/sources_1/new/adder_tb.sv:70]
WARNING: [Synth 8-6896] if statement with non-constant condition is inside initial block, initial block items will be ignored [F:/processorDesign/riscv/sinnglecycle/sinnglecycle.srcs/sources_1/new/adder_tb.sv:53]
WARNING: [Synth 8-11581] system function call 'urandom' not supported [F:/processorDesign/riscv/sinnglecycle/sinnglecycle.srcs/sources_1/new/adder_tb.sv:70]
WARNING: [Synth 8-11581] system function call 'urandom' not supported [F:/processorDesign/riscv/sinnglecycle/sinnglecycle.srcs/sources_1/new/adder_tb.sv:70]
WARNING: [Synth 8-11581] system function call 'urandom_range' not supported [F:/processorDesign/riscv/sinnglecycle/sinnglecycle.srcs/sources_1/new/adder_tb.sv:70]
WARNING: [Synth 8-6896] if statement with non-constant condition is inside initial block, initial block items will be ignored [F:/processorDesign/riscv/sinnglecycle/sinnglecycle.srcs/sources_1/new/adder_tb.sv:53]
WARNING: [Synth 8-11581] system function call 'urandom' not supported [F:/processorDesign/riscv/sinnglecycle/sinnglecycle.srcs/sources_1/new/adder_tb.sv:70]
WARNING: [Synth 8-11581] system function call 'urandom' not supported [F:/processorDesign/riscv/sinnglecycle/sinnglecycle.srcs/sources_1/new/adder_tb.sv:70]
WARNING: [Synth 8-11581] system function call 'urandom_range' not supported [F:/processorDesign/riscv/sinnglecycle/sinnglecycle.srcs/sources_1/new/adder_tb.sv:70]
WARNING: [Synth 8-6896] if statement with non-constant condition is inside initial block, initial block items will be ignored [F:/processorDesign/riscv/sinnglecycle/sinnglecycle.srcs/sources_1/new/adder_tb.sv:53]
WARNING: [Synth 8-11581] system function call 'urandom' not supported [F:/processorDesign/riscv/sinnglecycle/sinnglecycle.srcs/sources_1/new/adder_tb.sv:70]
WARNING: [Synth 8-11581] system function call 'urandom' not supported [F:/processorDesign/riscv/sinnglecycle/sinnglecycle.srcs/sources_1/new/adder_tb.sv:70]
WARNING: [Synth 8-11581] system function call 'urandom_range' not supported [F:/processorDesign/riscv/sinnglecycle/sinnglecycle.srcs/sources_1/new/adder_tb.sv:70]
WARNING: [Synth 8-6896] if statement with non-constant condition is inside initial block, initial block items will be ignored [F:/processorDesign/riscv/sinnglecycle/sinnglecycle.srcs/sources_1/new/adder_tb.sv:53]
WARNING: [Synth 8-11581] system function call 'urandom' not supported [F:/processorDesign/riscv/sinnglecycle/sinnglecycle.srcs/sources_1/new/adder_tb.sv:70]
WARNING: [Synth 8-11581] system function call 'urandom' not supported [F:/processorDesign/riscv/sinnglecycle/sinnglecycle.srcs/sources_1/new/adder_tb.sv:70]
WARNING: [Synth 8-11581] system function call 'urandom_range' not supported [F:/processorDesign/riscv/sinnglecycle/sinnglecycle.srcs/sources_1/new/adder_tb.sv:70]
WARNING: [Synth 8-6896] if statement with non-constant condition is inside initial block, initial block items will be ignored [F:/processorDesign/riscv/sinnglecycle/sinnglecycle.srcs/sources_1/new/adder_tb.sv:53]
WARNING: [Synth 8-11581] system function call 'urandom' not supported [F:/processorDesign/riscv/sinnglecycle/sinnglecycle.srcs/sources_1/new/adder_tb.sv:70]
WARNING: [Synth 8-11581] system function call 'urandom' not supported [F:/processorDesign/riscv/sinnglecycle/sinnglecycle.srcs/sources_1/new/adder_tb.sv:70]
WARNING: [Synth 8-11581] system function call 'urandom_range' not supported [F:/processorDesign/riscv/sinnglecycle/sinnglecycle.srcs/sources_1/new/adder_tb.sv:70]
WARNING: [Synth 8-6896] if statement with non-constant condition is inside initial block, initial block items will be ignored [F:/processorDesign/riscv/sinnglecycle/sinnglecycle.srcs/sources_1/new/adder_tb.sv:53]
WARNING: [Synth 8-11581] system function call 'urandom' not supported [F:/processorDesign/riscv/sinnglecycle/sinnglecycle.srcs/sources_1/new/adder_tb.sv:70]
WARNING: [Synth 8-11581] system function call 'urandom' not supported [F:/processorDesign/riscv/sinnglecycle/sinnglecycle.srcs/sources_1/new/adder_tb.sv:70]
WARNING: [Synth 8-11581] system function call 'urandom_range' not supported [F:/processorDesign/riscv/sinnglecycle/sinnglecycle.srcs/sources_1/new/adder_tb.sv:70]
WARNING: [Synth 8-6896] if statement with non-constant condition is inside initial block, initial block items will be ignored [F:/processorDesign/riscv/sinnglecycle/sinnglecycle.srcs/sources_1/new/adder_tb.sv:53]
WARNING: [Synth 8-11581] system function call 'urandom' not supported [F:/processorDesign/riscv/sinnglecycle/sinnglecycle.srcs/sources_1/new/adder_tb.sv:70]
WARNING: [Synth 8-11581] system function call 'urandom' not supported [F:/processorDesign/riscv/sinnglecycle/sinnglecycle.srcs/sources_1/new/adder_tb.sv:70]
WARNING: [Synth 8-11581] system function call 'urandom_range' not supported [F:/processorDesign/riscv/sinnglecycle/sinnglecycle.srcs/sources_1/new/adder_tb.sv:70]
WARNING: [Synth 8-6896] if statement with non-constant condition is inside initial block, initial block items will be ignored [F:/processorDesign/riscv/sinnglecycle/sinnglecycle.srcs/sources_1/new/adder_tb.sv:53]
WARNING: [Synth 8-11581] system function call 'urandom' not supported [F:/processorDesign/riscv/sinnglecycle/sinnglecycle.srcs/sources_1/new/adder_tb.sv:70]
WARNING: [Synth 8-11581] system function call 'urandom' not supported [F:/processorDesign/riscv/sinnglecycle/sinnglecycle.srcs/sources_1/new/adder_tb.sv:70]
WARNING: [Synth 8-11581] system function call 'urandom_range' not supported [F:/processorDesign/riscv/sinnglecycle/sinnglecycle.srcs/sources_1/new/adder_tb.sv:70]
WARNING: [Synth 8-6896] if statement with non-constant condition is inside initial block, initial block items will be ignored [F:/processorDesign/riscv/sinnglecycle/sinnglecycle.srcs/sources_1/new/adder_tb.sv:53]
WARNING: [Synth 8-11581] system function call 'urandom' not supported [F:/processorDesign/riscv/sinnglecycle/sinnglecycle.srcs/sources_1/new/adder_tb.sv:70]
WARNING: [Synth 8-11581] system function call 'urandom' not supported [F:/processorDesign/riscv/sinnglecycle/sinnglecycle.srcs/sources_1/new/adder_tb.sv:70]
WARNING: [Synth 8-11581] system function call 'urandom_range' not supported [F:/processorDesign/riscv/sinnglecycle/sinnglecycle.srcs/sources_1/new/adder_tb.sv:70]
WARNING: [Synth 8-6896] if statement with non-constant condition is inside initial block, initial block items will be ignored [F:/processorDesign/riscv/sinnglecycle/sinnglecycle.srcs/sources_1/new/adder_tb.sv:53]
WARNING: [Synth 8-11581] system function call 'urandom' not supported [F:/processorDesign/riscv/sinnglecycle/sinnglecycle.srcs/sources_1/new/adder_tb.sv:70]
WARNING: [Synth 8-11581] system function call 'urandom' not supported [F:/processorDesign/riscv/sinnglecycle/sinnglecycle.srcs/sources_1/new/adder_tb.sv:70]
WARNING: [Synth 8-11581] system function call 'urandom_range' not supported [F:/processorDesign/riscv/sinnglecycle/sinnglecycle.srcs/sources_1/new/adder_tb.sv:70]
WARNING: [Synth 8-6896] if statement with non-constant condition is inside initial block, initial block items will be ignored [F:/processorDesign/riscv/sinnglecycle/sinnglecycle.srcs/sources_1/new/adder_tb.sv:53]
WARNING: [Synth 8-11581] system function call 'urandom' not supported [F:/processorDesign/riscv/sinnglecycle/sinnglecycle.srcs/sources_1/new/adder_tb.sv:70]
WARNING: [Synth 8-11581] system function call 'urandom' not supported [F:/processorDesign/riscv/sinnglecycle/sinnglecycle.srcs/sources_1/new/adder_tb.sv:70]
WARNING: [Synth 8-11581] system function call 'urandom_range' not supported [F:/processorDesign/riscv/sinnglecycle/sinnglecycle.srcs/sources_1/new/adder_tb.sv:70]
WARNING: [Synth 8-6896] if statement with non-constant condition is inside initial block, initial block items will be ignored [F:/processorDesign/riscv/sinnglecycle/sinnglecycle.srcs/sources_1/new/adder_tb.sv:53]
WARNING: [Synth 8-11581] system function call 'urandom' not supported [F:/processorDesign/riscv/sinnglecycle/sinnglecycle.srcs/sources_1/new/adder_tb.sv:70]
WARNING: [Synth 8-11581] system function call 'urandom' not supported [F:/processorDesign/riscv/sinnglecycle/sinnglecycle.srcs/sources_1/new/adder_tb.sv:70]
WARNING: [Synth 8-11581] system function call 'urandom_range' not supported [F:/processorDesign/riscv/sinnglecycle/sinnglecycle.srcs/sources_1/new/adder_tb.sv:70]
WARNING: [Synth 8-6896] if statement with non-constant condition is inside initial block, initial block items will be ignored [F:/processorDesign/riscv/sinnglecycle/sinnglecycle.srcs/sources_1/new/adder_tb.sv:53]
WARNING: [Synth 8-11581] system function call 'urandom' not supported [F:/processorDesign/riscv/sinnglecycle/sinnglecycle.srcs/sources_1/new/adder_tb.sv:70]
WARNING: [Synth 8-11581] system function call 'urandom' not supported [F:/processorDesign/riscv/sinnglecycle/sinnglecycle.srcs/sources_1/new/adder_tb.sv:70]
WARNING: [Synth 8-11581] system function call 'urandom_range' not supported [F:/processorDesign/riscv/sinnglecycle/sinnglecycle.srcs/sources_1/new/adder_tb.sv:70]
WARNING: [Synth 8-6896] if statement with non-constant condition is inside initial block, initial block items will be ignored [F:/processorDesign/riscv/sinnglecycle/sinnglecycle.srcs/sources_1/new/adder_tb.sv:53]
WARNING: [Synth 8-11581] system function call 'urandom' not supported [F:/processorDesign/riscv/sinnglecycle/sinnglecycle.srcs/sources_1/new/adder_tb.sv:70]
WARNING: [Synth 8-11581] system function call 'urandom' not supported [F:/processorDesign/riscv/sinnglecycle/sinnglecycle.srcs/sources_1/new/adder_tb.sv:70]
WARNING: [Synth 8-11581] system function call 'urandom_range' not supported [F:/processorDesign/riscv/sinnglecycle/sinnglecycle.srcs/sources_1/new/adder_tb.sv:70]
WARNING: [Synth 8-6896] if statement with non-constant condition is inside initial block, initial block items will be ignored [F:/processorDesign/riscv/sinnglecycle/sinnglecycle.srcs/sources_1/new/adder_tb.sv:53]
WARNING: [Synth 8-11581] system function call 'urandom' not supported [F:/processorDesign/riscv/sinnglecycle/sinnglecycle.srcs/sources_1/new/adder_tb.sv:70]
WARNING: [Synth 8-11581] system function call 'urandom' not supported [F:/processorDesign/riscv/sinnglecycle/sinnglecycle.srcs/sources_1/new/adder_tb.sv:70]
WARNING: [Synth 8-11581] system function call 'urandom_range' not supported [F:/processorDesign/riscv/sinnglecycle/sinnglecycle.srcs/sources_1/new/adder_tb.sv:70]
WARNING: [Synth 8-6896] if statement with non-constant condition is inside initial block, initial block items will be ignored [F:/processorDesign/riscv/sinnglecycle/sinnglecycle.srcs/sources_1/new/adder_tb.sv:53]
WARNING: [Synth 8-11581] system function call 'urandom' not supported [F:/processorDesign/riscv/sinnglecycle/sinnglecycle.srcs/sources_1/new/adder_tb.sv:70]
WARNING: [Synth 8-11581] system function call 'urandom' not supported [F:/processorDesign/riscv/sinnglecycle/sinnglecycle.srcs/sources_1/new/adder_tb.sv:70]
WARNING: [Synth 8-11581] system function call 'urandom_range' not supported [F:/processorDesign/riscv/sinnglecycle/sinnglecycle.srcs/sources_1/new/adder_tb.sv:70]
WARNING: [Synth 8-6896] if statement with non-constant condition is inside initial block, initial block items will be ignored [F:/processorDesign/riscv/sinnglecycle/sinnglecycle.srcs/sources_1/new/adder_tb.sv:53]
WARNING: [Synth 8-11581] system function call 'urandom' not supported [F:/processorDesign/riscv/sinnglecycle/sinnglecycle.srcs/sources_1/new/adder_tb.sv:70]
WARNING: [Synth 8-11581] system function call 'urandom' not supported [F:/processorDesign/riscv/sinnglecycle/sinnglecycle.srcs/sources_1/new/adder_tb.sv:70]
WARNING: [Synth 8-11581] system function call 'urandom_range' not supported [F:/processorDesign/riscv/sinnglecycle/sinnglecycle.srcs/sources_1/new/adder_tb.sv:70]
WARNING: [Synth 8-6896] if statement with non-constant condition is inside initial block, initial block items will be ignored [F:/processorDesign/riscv/sinnglecycle/sinnglecycle.srcs/sources_1/new/adder_tb.sv:53]
WARNING: [Synth 8-11581] system function call 'urandom' not supported [F:/processorDesign/riscv/sinnglecycle/sinnglecycle.srcs/sources_1/new/adder_tb.sv:70]
WARNING: [Synth 8-11581] system function call 'urandom' not supported [F:/processorDesign/riscv/sinnglecycle/sinnglecycle.srcs/sources_1/new/adder_tb.sv:70]
WARNING: [Synth 8-11581] system function call 'urandom_range' not supported [F:/processorDesign/riscv/sinnglecycle/sinnglecycle.srcs/sources_1/new/adder_tb.sv:70]
WARNING: [Synth 8-6896] if statement with non-constant condition is inside initial block, initial block items will be ignored [F:/processorDesign/riscv/sinnglecycle/sinnglecycle.srcs/sources_1/new/adder_tb.sv:53]
WARNING: [Synth 8-11581] system function call 'urandom' not supported [F:/processorDesign/riscv/sinnglecycle/sinnglecycle.srcs/sources_1/new/adder_tb.sv:70]
WARNING: [Synth 8-11581] system function call 'urandom' not supported [F:/processorDesign/riscv/sinnglecycle/sinnglecycle.srcs/sources_1/new/adder_tb.sv:70]
WARNING: [Synth 8-11581] system function call 'urandom_range' not supported [F:/processorDesign/riscv/sinnglecycle/sinnglecycle.srcs/sources_1/new/adder_tb.sv:70]
WARNING: [Synth 8-6896] if statement with non-constant condition is inside initial block, initial block items will be ignored [F:/processorDesign/riscv/sinnglecycle/sinnglecycle.srcs/sources_1/new/adder_tb.sv:53]
WARNING: [Synth 8-11581] system function call 'urandom' not supported [F:/processorDesign/riscv/sinnglecycle/sinnglecycle.srcs/sources_1/new/adder_tb.sv:70]
WARNING: [Synth 8-11581] system function call 'urandom' not supported [F:/processorDesign/riscv/sinnglecycle/sinnglecycle.srcs/sources_1/new/adder_tb.sv:70]
WARNING: [Synth 8-11581] system function call 'urandom_range' not supported [F:/processorDesign/riscv/sinnglecycle/sinnglecycle.srcs/sources_1/new/adder_tb.sv:70]
WARNING: [Synth 8-6896] if statement with non-constant condition is inside initial block, initial block items will be ignored [F:/processorDesign/riscv/sinnglecycle/sinnglecycle.srcs/sources_1/new/adder_tb.sv:53]
WARNING: [Synth 8-11581] system function call 'urandom' not supported [F:/processorDesign/riscv/sinnglecycle/sinnglecycle.srcs/sources_1/new/adder_tb.sv:70]
WARNING: [Synth 8-11581] system function call 'urandom' not supported [F:/processorDesign/riscv/sinnglecycle/sinnglecycle.srcs/sources_1/new/adder_tb.sv:70]
WARNING: [Synth 8-11581] system function call 'urandom_range' not supported [F:/processorDesign/riscv/sinnglecycle/sinnglecycle.srcs/sources_1/new/adder_tb.sv:70]
WARNING: [Synth 8-6896] if statement with non-constant condition is inside initial block, initial block items will be ignored [F:/processorDesign/riscv/sinnglecycle/sinnglecycle.srcs/sources_1/new/adder_tb.sv:53]
WARNING: [Synth 8-11581] system function call 'urandom' not supported [F:/processorDesign/riscv/sinnglecycle/sinnglecycle.srcs/sources_1/new/adder_tb.sv:70]
WARNING: [Synth 8-11581] system function call 'urandom' not supported [F:/processorDesign/riscv/sinnglecycle/sinnglecycle.srcs/sources_1/new/adder_tb.sv:70]
WARNING: [Synth 8-11581] system function call 'urandom_range' not supported [F:/processorDesign/riscv/sinnglecycle/sinnglecycle.srcs/sources_1/new/adder_tb.sv:70]
WARNING: [Synth 8-6896] if statement with non-constant condition is inside initial block, initial block items will be ignored [F:/processorDesign/riscv/sinnglecycle/sinnglecycle.srcs/sources_1/new/adder_tb.sv:53]
WARNING: [Synth 8-11581] system function call 'urandom' not supported [F:/processorDesign/riscv/sinnglecycle/sinnglecycle.srcs/sources_1/new/adder_tb.sv:70]
INFO: [Common 17-14] Message 'Synth 8-11581' appears 100 times and further instances of the messages will be disabled. Use the Tcl command set_msg_config to change the current settings.
WARNING: [Synth 8-6896] if statement with non-constant condition is inside initial block, initial block items will be ignored [F:/processorDesign/riscv/sinnglecycle/sinnglecycle.srcs/sources_1/new/adder_tb.sv:53]
WARNING: [Synth 8-6896] if statement with non-constant condition is inside initial block, initial block items will be ignored [F:/processorDesign/riscv/sinnglecycle/sinnglecycle.srcs/sources_1/new/adder_tb.sv:53]
WARNING: [Synth 8-6896] if statement with non-constant condition is inside initial block, initial block items will be ignored [F:/processorDesign/riscv/sinnglecycle/sinnglecycle.srcs/sources_1/new/adder_tb.sv:53]
WARNING: [Synth 8-6896] if statement with non-constant condition is inside initial block, initial block items will be ignored [F:/processorDesign/riscv/sinnglecycle/sinnglecycle.srcs/sources_1/new/adder_tb.sv:53]
WARNING: [Synth 8-6896] if statement with non-constant condition is inside initial block, initial block items will be ignored [F:/processorDesign/riscv/sinnglecycle/sinnglecycle.srcs/sources_1/new/adder_tb.sv:53]
WARNING: [Synth 8-6896] if statement with non-constant condition is inside initial block, initial block items will be ignored [F:/processorDesign/riscv/sinnglecycle/sinnglecycle.srcs/sources_1/new/adder_tb.sv:53]
WARNING: [Synth 8-6896] if statement with non-constant condition is inside initial block, initial block items will be ignored [F:/processorDesign/riscv/sinnglecycle/sinnglecycle.srcs/sources_1/new/adder_tb.sv:53]
WARNING: [Synth 8-6896] if statement with non-constant condition is inside initial block, initial block items will be ignored [F:/processorDesign/riscv/sinnglecycle/sinnglecycle.srcs/sources_1/new/adder_tb.sv:53]
WARNING: [Synth 8-6896] if statement with non-constant condition is inside initial block, initial block items will be ignored [F:/processorDesign/riscv/sinnglecycle/sinnglecycle.srcs/sources_1/new/adder_tb.sv:53]
WARNING: [Synth 8-6896] if statement with non-constant condition is inside initial block, initial block items will be ignored [F:/processorDesign/riscv/sinnglecycle/sinnglecycle.srcs/sources_1/new/adder_tb.sv:53]
WARNING: [Synth 8-6896] if statement with non-constant condition is inside initial block, initial block items will be ignored [F:/processorDesign/riscv/sinnglecycle/sinnglecycle.srcs/sources_1/new/adder_tb.sv:53]
WARNING: [Synth 8-6896] if statement with non-constant condition is inside initial block, initial block items will be ignored [F:/processorDesign/riscv/sinnglecycle/sinnglecycle.srcs/sources_1/new/adder_tb.sv:53]
WARNING: [Synth 8-6896] if statement with non-constant condition is inside initial block, initial block items will be ignored [F:/processorDesign/riscv/sinnglecycle/sinnglecycle.srcs/sources_1/new/adder_tb.sv:53]
WARNING: [Synth 8-6896] if statement with non-constant condition is inside initial block, initial block items will be ignored [F:/processorDesign/riscv/sinnglecycle/sinnglecycle.srcs/sources_1/new/adder_tb.sv:53]
WARNING: [Synth 8-6896] if statement with non-constant condition is inside initial block, initial block items will be ignored [F:/processorDesign/riscv/sinnglecycle/sinnglecycle.srcs/sources_1/new/adder_tb.sv:53]
WARNING: [Synth 8-6896] if statement with non-constant condition is inside initial block, initial block items will be ignored [F:/processorDesign/riscv/sinnglecycle/sinnglecycle.srcs/sources_1/new/adder_tb.sv:53]
WARNING: [Synth 8-6896] if statement with non-constant condition is inside initial block, initial block items will be ignored [F:/processorDesign/riscv/sinnglecycle/sinnglecycle.srcs/sources_1/new/adder_tb.sv:53]
WARNING: [Synth 8-6896] if statement with non-constant condition is inside initial block, initial block items will be ignored [F:/processorDesign/riscv/sinnglecycle/sinnglecycle.srcs/sources_1/new/adder_tb.sv:53]
WARNING: [Synth 8-6896] if statement with non-constant condition is inside initial block, initial block items will be ignored [F:/processorDesign/riscv/sinnglecycle/sinnglecycle.srcs/sources_1/new/adder_tb.sv:53]
WARNING: [Synth 8-6896] if statement with non-constant condition is inside initial block, initial block items will be ignored [F:/processorDesign/riscv/sinnglecycle/sinnglecycle.srcs/sources_1/new/adder_tb.sv:53]
WARNING: [Synth 8-6896] if statement with non-constant condition is inside initial block, initial block items will be ignored [F:/processorDesign/riscv/sinnglecycle/sinnglecycle.srcs/sources_1/new/adder_tb.sv:53]
WARNING: [Synth 8-6896] if statement with non-constant condition is inside initial block, initial block items will be ignored [F:/processorDesign/riscv/sinnglecycle/sinnglecycle.srcs/sources_1/new/adder_tb.sv:53]
WARNING: [Synth 8-6896] if statement with non-constant condition is inside initial block, initial block items will be ignored [F:/processorDesign/riscv/sinnglecycle/sinnglecycle.srcs/sources_1/new/adder_tb.sv:53]
WARNING: [Synth 8-6896] if statement with non-constant condition is inside initial block, initial block items will be ignored [F:/processorDesign/riscv/sinnglecycle/sinnglecycle.srcs/sources_1/new/adder_tb.sv:53]
WARNING: [Synth 8-6896] if statement with non-constant condition is inside initial block, initial block items will be ignored [F:/processorDesign/riscv/sinnglecycle/sinnglecycle.srcs/sources_1/new/adder_tb.sv:53]
WARNING: [Synth 8-6896] if statement with non-constant condition is inside initial block, initial block items will be ignored [F:/processorDesign/riscv/sinnglecycle/sinnglecycle.srcs/sources_1/new/adder_tb.sv:53]
WARNING: [Synth 8-6896] if statement with non-constant condition is inside initial block, initial block items will be ignored [F:/processorDesign/riscv/sinnglecycle/sinnglecycle.srcs/sources_1/new/adder_tb.sv:53]
WARNING: [Synth 8-6896] if statement with non-constant condition is inside initial block, initial block items will be ignored [F:/processorDesign/riscv/sinnglecycle/sinnglecycle.srcs/sources_1/new/adder_tb.sv:53]
WARNING: [Synth 8-6896] if statement with non-constant condition is inside initial block, initial block items will be ignored [F:/processorDesign/riscv/sinnglecycle/sinnglecycle.srcs/sources_1/new/adder_tb.sv:53]
WARNING: [Synth 8-6896] if statement with non-constant condition is inside initial block, initial block items will be ignored [F:/processorDesign/riscv/sinnglecycle/sinnglecycle.srcs/sources_1/new/adder_tb.sv:53]
WARNING: [Synth 8-6896] if statement with non-constant condition is inside initial block, initial block items will be ignored [F:/processorDesign/riscv/sinnglecycle/sinnglecycle.srcs/sources_1/new/adder_tb.sv:53]
WARNING: [Synth 8-6896] if statement with non-constant condition is inside initial block, initial block items will be ignored [F:/processorDesign/riscv/sinnglecycle/sinnglecycle.srcs/sources_1/new/adder_tb.sv:53]
WARNING: [Synth 8-6896] if statement with non-constant condition is inside initial block, initial block items will be ignored [F:/processorDesign/riscv/sinnglecycle/sinnglecycle.srcs/sources_1/new/adder_tb.sv:53]
WARNING: [Synth 8-6896] if statement with non-constant condition is inside initial block, initial block items will be ignored [F:/processorDesign/riscv/sinnglecycle/sinnglecycle.srcs/sources_1/new/adder_tb.sv:53]
WARNING: [Synth 8-6896] if statement with non-constant condition is inside initial block, initial block items will be ignored [F:/processorDesign/riscv/sinnglecycle/sinnglecycle.srcs/sources_1/new/adder_tb.sv:53]
WARNING: [Synth 8-6896] if statement with non-constant condition is inside initial block, initial block items will be ignored [F:/processorDesign/riscv/sinnglecycle/sinnglecycle.srcs/sources_1/new/adder_tb.sv:53]
WARNING: [Synth 8-6896] if statement with non-constant condition is inside initial block, initial block items will be ignored [F:/processorDesign/riscv/sinnglecycle/sinnglecycle.srcs/sources_1/new/adder_tb.sv:53]
WARNING: [Synth 8-6896] if statement with non-constant condition is inside initial block, initial block items will be ignored [F:/processorDesign/riscv/sinnglecycle/sinnglecycle.srcs/sources_1/new/adder_tb.sv:53]
WARNING: [Synth 8-6896] if statement with non-constant condition is inside initial block, initial block items will be ignored [F:/processorDesign/riscv/sinnglecycle/sinnglecycle.srcs/sources_1/new/adder_tb.sv:53]
WARNING: [Synth 8-6896] if statement with non-constant condition is inside initial block, initial block items will be ignored [F:/processorDesign/riscv/sinnglecycle/sinnglecycle.srcs/sources_1/new/adder_tb.sv:53]
WARNING: [Synth 8-6896] if statement with non-constant condition is inside initial block, initial block items will be ignored [F:/processorDesign/riscv/sinnglecycle/sinnglecycle.srcs/sources_1/new/adder_tb.sv:53]
WARNING: [Synth 8-6896] if statement with non-constant condition is inside initial block, initial block items will be ignored [F:/processorDesign/riscv/sinnglecycle/sinnglecycle.srcs/sources_1/new/adder_tb.sv:53]
WARNING: [Synth 8-6896] if statement with non-constant condition is inside initial block, initial block items will be ignored [F:/processorDesign/riscv/sinnglecycle/sinnglecycle.srcs/sources_1/new/adder_tb.sv:53]
WARNING: [Synth 8-6896] if statement with non-constant condition is inside initial block, initial block items will be ignored [F:/processorDesign/riscv/sinnglecycle/sinnglecycle.srcs/sources_1/new/adder_tb.sv:53]
WARNING: [Synth 8-6896] if statement with non-constant condition is inside initial block, initial block items will be ignored [F:/processorDesign/riscv/sinnglecycle/sinnglecycle.srcs/sources_1/new/adder_tb.sv:53]
WARNING: [Synth 8-6896] if statement with non-constant condition is inside initial block, initial block items will be ignored [F:/processorDesign/riscv/sinnglecycle/sinnglecycle.srcs/sources_1/new/adder_tb.sv:53]
WARNING: [Synth 8-6896] if statement with non-constant condition is inside initial block, initial block items will be ignored [F:/processorDesign/riscv/sinnglecycle/sinnglecycle.srcs/sources_1/new/adder_tb.sv:53]
WARNING: [Synth 8-6896] if statement with non-constant condition is inside initial block, initial block items will be ignored [F:/processorDesign/riscv/sinnglecycle/sinnglecycle.srcs/sources_1/new/adder_tb.sv:53]
WARNING: [Synth 8-6896] if statement with non-constant condition is inside initial block, initial block items will be ignored [F:/processorDesign/riscv/sinnglecycle/sinnglecycle.srcs/sources_1/new/adder_tb.sv:53]
WARNING: [Synth 8-6896] if statement with non-constant condition is inside initial block, initial block items will be ignored [F:/processorDesign/riscv/sinnglecycle/sinnglecycle.srcs/sources_1/new/adder_tb.sv:53]
WARNING: [Synth 8-6896] if statement with non-constant condition is inside initial block, initial block items will be ignored [F:/processorDesign/riscv/sinnglecycle/sinnglecycle.srcs/sources_1/new/adder_tb.sv:53]
WARNING: [Synth 8-6896] if statement with non-constant condition is inside initial block, initial block items will be ignored [F:/processorDesign/riscv/sinnglecycle/sinnglecycle.srcs/sources_1/new/adder_tb.sv:53]
WARNING: [Synth 8-6896] if statement with non-constant condition is inside initial block, initial block items will be ignored [F:/processorDesign/riscv/sinnglecycle/sinnglecycle.srcs/sources_1/new/adder_tb.sv:53]
WARNING: [Synth 8-6896] if statement with non-constant condition is inside initial block, initial block items will be ignored [F:/processorDesign/riscv/sinnglecycle/sinnglecycle.srcs/sources_1/new/adder_tb.sv:53]
WARNING: [Synth 8-6896] if statement with non-constant condition is inside initial block, initial block items will be ignored [F:/processorDesign/riscv/sinnglecycle/sinnglecycle.srcs/sources_1/new/adder_tb.sv:53]
WARNING: [Synth 8-6896] if statement with non-constant condition is inside initial block, initial block items will be ignored [F:/processorDesign/riscv/sinnglecycle/sinnglecycle.srcs/sources_1/new/adder_tb.sv:53]
WARNING: [Synth 8-6896] if statement with non-constant condition is inside initial block, initial block items will be ignored [F:/processorDesign/riscv/sinnglecycle/sinnglecycle.srcs/sources_1/new/adder_tb.sv:53]
WARNING: [Synth 8-6896] if statement with non-constant condition is inside initial block, initial block items will be ignored [F:/processorDesign/riscv/sinnglecycle/sinnglecycle.srcs/sources_1/new/adder_tb.sv:53]
WARNING: [Synth 8-6896] if statement with non-constant condition is inside initial block, initial block items will be ignored [F:/processorDesign/riscv/sinnglecycle/sinnglecycle.srcs/sources_1/new/adder_tb.sv:53]
WARNING: [Synth 8-6896] if statement with non-constant condition is inside initial block, initial block items will be ignored [F:/processorDesign/riscv/sinnglecycle/sinnglecycle.srcs/sources_1/new/adder_tb.sv:53]
WARNING: [Synth 8-6896] if statement with non-constant condition is inside initial block, initial block items will be ignored [F:/processorDesign/riscv/sinnglecycle/sinnglecycle.srcs/sources_1/new/adder_tb.sv:53]
WARNING: [Synth 8-6896] if statement with non-constant condition is inside initial block, initial block items will be ignored [F:/processorDesign/riscv/sinnglecycle/sinnglecycle.srcs/sources_1/new/adder_tb.sv:53]
INFO: [Common 17-14] Message 'Synth 8-6896' appears 100 times and further instances of the messages will be disabled. Use the Tcl command set_msg_config to change the current settings.
INFO: [Synth 8-251] Adder TB: all tests passed. [F:/processorDesign/riscv/sinnglecycle/sinnglecycle.srcs/sources_1/new/adder_tb.sv:73]
INFO: [Synth 8-6157] synthesizing module 'adder' [F:/processorDesign/riscv/sinnglecycle/sinnglecycle.srcs/sources_1/new/adder.sv:23]
INFO: [Synth 8-6155] done synthesizing module 'adder' (0#1) [F:/processorDesign/riscv/sinnglecycle/sinnglecycle.srcs/sources_1/new/adder.sv:23]
INFO: [Synth 8-6155] done synthesizing module 'adder_tb' (0#1) [F:/processorDesign/riscv/sinnglecycle/sinnglecycle.srcs/sources_1/new/adder_tb.sv:23]
---------------------------------------------------------------------------------
Finished Synthesize : Time (s): cpu = 00:00:11 ; elapsed = 00:00:11 . Memory (MB): peak = 1034.363 ; gain = 546.840
---------------------------------------------------------------------------------
---------------------------------------------------------------------------------
Finished Constraint Validation : Time (s): cpu = 00:00:11 ; elapsed = 00:00:12 . Memory (MB): peak = 1034.363 ; gain = 546.840
---------------------------------------------------------------------------------
---------------------------------------------------------------------------------
Start Loading Part and Timing Information
---------------------------------------------------------------------------------
Loading part: xczu3tcg-sfvd784-1-i
INFO: [Synth 8-6742] Reading net delay rules and data
---------------------------------------------------------------------------------
Finished Loading Part and Timing Information : Time (s): cpu = 00:00:11 ; elapsed = 00:00:12 . Memory (MB): peak = 1034.363 ; gain = 546.840
---------------------------------------------------------------------------------
INFO: [Device 21-403] Loading part xczu3tcg-sfvd784-1-i
---------------------------------------------------------------------------------
Finished RTL Optimization Phase 2 : Time (s): cpu = 00:00:12 ; elapsed = 00:00:12 . Memory (MB): peak = 1034.363 ; gain = 546.840
---------------------------------------------------------------------------------
No constraint files found.
---------------------------------------------------------------------------------
Start RTL Component Statistics 
---------------------------------------------------------------------------------
Detailed RTL Component Info : 
+---XORs : 
	   3 Input     32 Bit         XORs := 1     
---------------------------------------------------------------------------------
Finished RTL Component Statistics 
---------------------------------------------------------------------------------
---------------------------------------------------------------------------------
Start Part Resource Summary
---------------------------------------------------------------------------------
Part Resources:
DSPs: 576 (col length:72)
BRAMs: 288 (col length: RAMB18 72 RAMB36 36)
---------------------------------------------------------------------------------
Finished Part Resource Summary
---------------------------------------------------------------------------------
No constraint files found.
---------------------------------------------------------------------------------
Start Cross Boundary and Area Optimization
---------------------------------------------------------------------------------
WARNING: [Synth 8-7080] Parallel synthesis criteria is not met
---------------------------------------------------------------------------------
Finished Cross Boundary and Area Optimization : Time (s): cpu = 00:00:23 ; elapsed = 00:00:26 . Memory (MB): peak = 1479.996 ; gain = 992.473
---------------------------------------------------------------------------------
No constraint files found.
---------------------------------------------------------------------------------
Start Timing Optimization
---------------------------------------------------------------------------------
---------------------------------------------------------------------------------
Finished Timing Optimization : Time (s): cpu = 00:00:23 ; elapsed = 00:00:26 . Memory (MB): peak = 1489.320 ; gain = 1001.797
---------------------------------------------------------------------------------
---------------------------------------------------------------------------------
Start Technology Mapping
---------------------------------------------------------------------------------
---------------------------------------------------------------------------------
Finished Technology Mapping : Time (s): cpu = 00:00:23 ; elapsed = 00:00:26 . Memory (MB): peak = 1489.320 ; gain = 1001.797
---------------------------------------------------------------------------------
---------------------------------------------------------------------------------
Start IO Insertion
---------------------------------------------------------------------------------
---------------------------------------------------------------------------------
Start Flattening Before IO Insertion
---------------------------------------------------------------------------------
---------------------------------------------------------------------------------
Finished Flattening Before IO Insertion
---------------------------------------------------------------------------------
---------------------------------------------------------------------------------
Start Final Netlist Cleanup
---------------------------------------------------------------------------------
---------------------------------------------------------------------------------
Finished Final Netlist Cleanup
---------------------------------------------------------------------------------
---------------------------------------------------------------------------------
Finished IO Insertion : Time (s): cpu = 00:00:30 ; elapsed = 00:00:33 . Memory (MB): peak = 1490.297 ; gain = 1002.773
---------------------------------------------------------------------------------
---------------------------------------------------------------------------------
Start Renaming Generated Instances
---------------------------------------------------------------------------------
---------------------------------------------------------------------------------
Finished Renaming Generated Instances : Time (s): cpu = 00:00:30 ; elapsed = 00:00:33 . Memory (MB): peak = 1490.297 ; gain = 1002.773
---------------------------------------------------------------------------------
---------------------------------------------------------------------------------
Start Rebuilding User Hierarchy
---------------------------------------------------------------------------------
---------------------------------------------------------------------------------
Finished Rebuilding User Hierarchy : Time (s): cpu = 00:00:30 ; elapsed = 00:00:33 . Memory (MB): peak = 1490.297 ; gain = 1002.773
---------------------------------------------------------------------------------
---------------------------------------------------------------------------------
Start Renaming Generated Ports
---------------------------------------------------------------------------------
---------------------------------------------------------------------------------
Finished Renaming Generated Ports : Time (s): cpu = 00:00:30 ; elapsed = 00:00:33 . Memory (MB): peak = 1490.297 ; gain = 1002.773
---------------------------------------------------------------------------------
---------------------------------------------------------------------------------
Start Handling Custom Attributes
---------------------------------------------------------------------------------
---------------------------------------------------------------------------------
Finished Handling Custom Attributes : Time (s): cpu = 00:00:30 ; elapsed = 00:00:33 . Memory (MB): peak = 1490.297 ; gain = 1002.773
---------------------------------------------------------------------------------
---------------------------------------------------------------------------------
Start Renaming Generated Nets
---------------------------------------------------------------------------------
---------------------------------------------------------------------------------
Finished Renaming Generated Nets : Time (s): cpu = 00:00:30 ; elapsed = 00:00:33 . Memory (MB): peak = 1490.297 ; gain = 1002.773
---------------------------------------------------------------------------------
---------------------------------------------------------------------------------
Start Writing Synthesis Report
---------------------------------------------------------------------------------

Report BlackBoxes: 
+-+--------------+----------+
| |BlackBox name |Instances |
+-+--------------+----------+
+-+--------------+----------+

Report Cell Usage: 
+-+-----+------+
| |Cell |Count |
+-+-----+------+
+-+-----+------+

Report Instance Areas: 
+------+---------+-------+------+
|      |Instance |Module |Cells |
+------+---------+-------+------+
|1     |top      |       |     0|
+------+---------+-------+------+
---------------------------------------------------------------------------------
Finished Writing Synthesis Report : Time (s): cpu = 00:00:30 ; elapsed = 00:00:33 . Memory (MB): peak = 1490.297 ; gain = 1002.773
---------------------------------------------------------------------------------
Synthesis finished with 0 errors, 0 critical warnings and 809 warnings.
Synthesis Optimization Runtime : Time (s): cpu = 00:00:30 ; elapsed = 00:00:33 . Memory (MB): peak = 1490.297 ; gain = 1002.773
Synthesis Optimization Complete : Time (s): cpu = 00:00:30 ; elapsed = 00:00:33 . Memory (MB): peak = 1490.297 ; gain = 1002.773
INFO: [Project 1-571] Translating synthesized netlist
Netlist sorting complete. Time (s): cpu = 00:00:00 ; elapsed = 00:00:00.001 . Memory (MB): peak = 1490.312 ; gain = 0.000
INFO: [Project 1-570] Preparing netlist for logic optimization
INFO: [Opt 31-138] Pushed 0 inverter(s) to 0 load pin(s).
Netlist sorting complete. Time (s): cpu = 00:00:00 ; elapsed = 00:00:00 . Memory (MB): peak = 1555.633 ; gain = 0.000
INFO: [Project 1-111] Unisim Transformation Summary:
No Unisim elements were transformed.

The system cannot find the path specified.
Synth Design complete | Checksum: ae7e071a
INFO: [Common 17-83] Releasing license: Synthesis
22 Infos, 203 Warnings, 0 Critical Warnings and 0 Errors encountered.
synth_design completed successfully
synth_design: Time (s): cpu = 00:00:31 ; elapsed = 00:00:35 . Memory (MB): peak = 1555.633 ; gain = 1078.281
INFO: [Common 17-1381] The checkpoint 'F:/processorDesign/riscv/sinnglecycle/sinnglecycle.runs/synth_1/adder_tb.dcp' has been generated.
INFO: [runtcl-4] Executing : report_utilization -file adder_tb_utilization_synth.rpt -pb adder_tb_utilization_synth.pb
INFO: [Common 17-206] Exiting Vivado at Sat Aug 16 18:17:46 2025...
